2025-12-27 21:28:51,942 - INFO - 脚本开始执行
2025-12-27 21:28:53,321 - INFO - 初始化 Edge WebDriver
2025-12-27 21:29:29,998 - INFO - 打开目标网址: https://tradingeconomics.com/calendar
2025-12-27 21:29:36,257 - INFO - 用户选择的时间段: 3
2025-12-27 21:29:36,258 - INFO - 是否获取超过今天的: 1
2025-12-27 21:29:36,443 - INFO - 点击下拉菜单按钮
2025-12-27 21:30:23,827 - INFO - 点击用户选择的时间段
2025-12-27 21:30:23,970 - INFO - 点击下拉菜单按钮
2025-12-27 21:30:28,192 - INFO - 用户选择的重要程度: 2
2025-12-27 21:30:35,338 - INFO - 点击指定重要性的选项
2025-12-27 21:30:35,740 - INFO - 点击 Countries 下拉菜单
2025-12-27 21:30:35,788 - INFO - 隐藏广告元素
2025-12-27 21:30:36,371 - INFO - 保存广告隐藏后的截图
2025-12-27 21:30:36,501 - INFO - 点击 Clear 按钮
2025-12-27 21:30:36,686 - INFO - Clicked on country element: China
2025-12-27 21:30:36,862 - INFO - Clicked on country element: Euro Area
2025-12-27 21:30:37,001 - INFO - Clicked on country element: United States
2025-12-27 21:30:40,065 - INFO - 点击 Save 按钮
2025-12-27 21:30:40,107 - INFO - 等待页面跳转并加载完成
2025-12-27 21:30:40,262 - INFO - 添加 URL: /china/interest-rate
2025-12-27 21:30:40,265 - INFO - 添加 URL: /china/loan-prime-rate-5y
2025-12-27 21:30:40,268 - INFO - 添加 URL: /united-states/chicago-fed-national-activity-index
2025-12-27 21:30:40,271 - INFO - 添加 URL: /united-states/adp-employment-change-weekly
2025-12-27 21:30:40,273 - INFO - 添加 URL: /united-states/durable-goods-orders
2025-12-27 21:30:40,276 - INFO - 添加 URL: /united-states/gdp-growth
2025-12-27 21:30:40,278 - INFO - 添加 URL: /united-states/corporate-profits
2025-12-27 21:30:40,281 - INFO - 添加 URL: /united-states/durable-goods-orders-ex-transportation
2025-12-27 21:30:40,287 - INFO - 添加 URL: /united-states/gdp-deflator
2025-12-27 21:30:40,289 - INFO - 添加 URL: /united-states/industrial-production-mom
2025-12-27 21:30:40,292 - INFO - 添加 URL: /united-states/industrial-production-mom
2025-12-27 21:30:40,294 - INFO - 添加 URL: /united-states/calendar
2025-12-27 21:30:40,297 - INFO - 添加 URL: /united-states/api-crude-oil-stock-change
2025-12-27 21:30:40,299 - INFO - 添加 URL: /united-states/mortgage-rate
2025-12-27 21:30:40,302 - INFO - 添加 URL: /united-states/jobless-claims
2025-12-27 21:30:46,932 - INFO - 提取到内容: The People’s Bank of China (PBoC) maintained key lending rates at record lows for a seventh consecut...
2025-12-27 21:30:52,706 - INFO - 提取到内容: The People’s Bank of China (PBoC) maintained the five-year loan prime rate (LPR), the benchmark for ...
2025-12-27 21:31:01,923 - INFO - 提取到内容: The Chicago Fed National Activity Index (CFNAI) rose to -0.21 in September 2025 from -0.31 in August...
2025-12-27 21:31:07,138 - INFO - 提取到内容: US private employers added an average of 11,500 jobs per week in the four weeks ending December 6, 2...
2025-12-27 21:31:14,108 - INFO - 提取到内容: New orders for US-manufactured durable goods fell by 2.2% from the previous month to $307.4 billion ...
2025-12-27 21:31:20,635 - INFO - 提取到内容: The GDP in the US advanced an annualized 4.3% in Q3 2025, the most in two years compared to 3.8% in ...
2025-12-27 21:31:27,238 - INFO - 提取到内容: Corporate profits in the United States rose by 4.4% from the previous period to $3.402 trillion in t...
2025-12-27 21:31:31,285 - INFO - 提取到内容: Excluding transportation, new orders for manufactured durable goods in the US rose 0.2% in October 2...
2025-12-27 21:31:35,065 - INFO - 提取到内容: The US Implicit Price Deflator for GDP increased at an annualized rate of 3.7% in the third quarter ...
2025-12-27 21:31:42,391 - INFO - 提取到内容: Industrial Production in the United States rose 0.1% per month across October and November, the same...
2025-12-27 21:31:48,517 - INFO - 提取到内容: Industrial Production in the United States rose 0.1% per month across October and November, the same...
2025-12-27 21:31:48,517 - INFO - 跳过包含 '/calendar' 的URL: /united-states/calendar
2025-12-27 21:31:52,043 - INFO - 提取到内容: US crude oil inventories increased by 2.4 million barrels in the week ending December 19th, 2025, ma...
2025-12-27 21:32:01,895 - INFO - 提取到内容: The average contract interest rate on 30-year fixed-rate mortgages with conforming loan balances ($8...
2025-12-27 21:32:08,783 - INFO - 提取到内容: Initial jobless claims in the US fell by 10,000 from the previous week to 214,000 on the period endi...
2025-12-27 21:32:08,952 - INFO - 文档已保存至: C:\tradingecon\2025-12-27_pyTED.doc
2025-12-27 21:32:08,952 - INFO - 文件保存成功
